<?xml version="1.0" encoding="UTF-8"?>
<testsuite name="EventAPITest" tests="8" skipped="0" failures="0" errors="0" timestamp="2022-11-16T00:23:46" hostname="YUCEN" time="0.128">
  <properties/>
  <testcase name="testPostEvent_fail()" classname="EventAPITest" time="0.033"/>
  <testcase name="testGetEvent_fail()" classname="EventAPITest" time="0.006"/>
  <testcase name="testDeleteEvent_fail()" classname="EventAPITest" time="0.007"/>
  <testcase name="testPutEvent_success()" classname="EventAPITest" time="0.016"/>
  <testcase name="testPostEvent_success()" classname="EventAPITest" time="0.015"/>
  <testcase name="testGetEvent_success()" classname="EventAPITest" time="0.018"/>
  <testcase name="testDeleteEvent_success()" classname="EventAPITest" time="0.014"/>
  <testcase name="testPutEvent_fail()" classname="EventAPITest" time="0.01"/>
  <system-out><![CDATA[{"message":"Invalid Parameters","status":400}
]]></system-out>
  <system-err><![CDATA[java.net.BindException: Address already in use: bind
	at sun.nio.ch.Net.bind0(Native Method)
	at sun.nio.ch.Net.bind(Net.java:438)
	at sun.nio.ch.Net.bind(Net.java:430)
	at sun.nio.ch.ServerSocketChannelImpl.bind(ServerSocketChannelImpl.java:225)
	at sun.nio.ch.ServerSocketAdaptor.bind(ServerSocketAdaptor.java:74)
	at sun.net.httpserver.ServerImpl.<init>(ServerImpl.java:100)
	at sun.net.httpserver.HttpServerImpl.<init>(HttpServerImpl.java:50)
	at sun.net.httpserver.DefaultHttpServerProvider.createHttpServer(DefaultHttpServerProvider.java:35)
	at com.sun.net.httpserver.HttpServer.create(HttpServer.java:130)
	at org.restlet.engine.connector.HttpServerHelper.start(HttpServerHelper.java:75)
	at org.restlet.Server.start(Server.java:579)
	at org.restlet.Component.startServers(Component.java:642)
	at org.restlet.Component.start(Component.java:567)
	at MainServer.main(MainServer.java:16)
	at EventAPITest.init(EventAPITest.java:25)
	at sun.reflect.NativeMethodAccessorImpl.invoke0(Native Method)
	at sun.reflect.NativeMethodAccessorImpl.invoke(NativeMethodAccessorImpl.java:62)
	at sun.reflect.DelegatingMethodAccessorImpl.invoke(DelegatingMethodAccessorImpl.java:43)
	at java.lang.reflect.Method.invoke(Method.java:498)
	at org.junit.platform.commons.util.ReflectionUtils.invokeMethod(ReflectionUtils.java:688)
	at org.junit.jupiter.engine.execution.MethodInvocation.proceed(MethodInvocation.java:60)
	at org.junit.jupiter.engine.execution.InvocationInterceptorChain$ValidatingInvocation.proceed(InvocationInterceptorChain.java:131)
	at org.junit.jupiter.engine.extension.TimeoutExtension.intercept(TimeoutExtension.java:149)
	at org.junit.jupiter.engine.extension.TimeoutExtension.interceptLifecycleMethod(TimeoutExtension.java:126)
	at org.junit.jupiter.engine.extension.TimeoutExtension.interceptBeforeAllMethod(TimeoutExtension.java:68)
	at org.junit.jupiter.engine.execution.ExecutableInvoker$ReflectiveInterceptorCall.lambda$ofVoidMethod$0(ExecutableInvoker.java:115)
	at org.junit.jupiter.engine.execution.ExecutableInvoker.lambda$invoke$0(ExecutableInvoker.java:105)
	at org.junit.jupiter.engine.execution.InvocationInterceptorChain$InterceptedInvocation.proceed(InvocationInterceptorChain.java:106)
	at org.junit.jupiter.engine.execution.InvocationInterceptorChain.proceed(InvocationInterceptorChain.java:64)
	at org.junit.jupiter.engine.execution.InvocationInterceptorChain.chainAndInvoke(InvocationInterceptorChain.java:45)
	at org.junit.jupiter.engine.execution.InvocationInterceptorChain.invoke(InvocationInterceptorChain.java:37)
	at org.junit.jupiter.engine.execution.ExecutableInvoker.invoke(ExecutableInvoker.java:104)
	at org.junit.jupiter.engine.execution.ExecutableInvoker.invoke(ExecutableInvoker.java:98)
	at org.junit.jupiter.engine.descriptor.ClassBasedTestDescriptor.lambda$invokeBeforeAllMethods$9(ClassBasedTestDescriptor.java:384)
	at org.junit.platform.engine.support.hierarchical.ThrowableCollector.execute(ThrowableCollector.java:73)
	at org.junit.jupiter.engine.descriptor.ClassBasedTestDescriptor.invokeBeforeAllMethods(ClassBasedTestDescriptor.java:382)
	at org.junit.jupiter.engine.descriptor.ClassBasedTestDescriptor.before(ClassBasedTestDescriptor.java:196)
	at org.junit.jupiter.engine.descriptor.ClassBasedTestDescriptor.before(ClassBasedTestDescriptor.java:78)
	at org.junit.platform.engine.support.hierarchical.NodeTestTask.lambda$executeRecursively$5(NodeTestTask.java:136)
	at org.junit.platform.engine.support.hierarchical.ThrowableCollector.execute(ThrowableCollector.java:73)
	at org.junit.platform.engine.support.hierarchical.NodeTestTask.lambda$executeRecursively$7(NodeTestTask.java:129)
	at org.junit.platform.engine.support.hierarchical.Node.around(Node.java:137)
	at org.junit.platform.engine.support.hierarchical.NodeTestTask.lambda$executeRecursively$8(NodeTestTask.java:127)
	at org.junit.platform.engine.support.hierarchical.ThrowableCollector.execute(ThrowableCollector.java:73)
	at org.junit.platform.engine.support.hierarchical.NodeTestTask.executeRecursively(NodeTestTask.java:126)
	at org.junit.platform.engine.support.hierarchical.NodeTestTask.execute(NodeTestTask.java:84)
	at java.util.ArrayList.forEach(ArrayList.java:1259)
	at org.junit.platform.engine.support.hierarchical.SameThreadHierarchicalTestExecutorService.invokeAll(SameThreadHierarchicalTestExecutorService.java:38)
	at org.junit.platform.engine.support.hierarchical.NodeTestTask.lambda$executeRecursively$5(NodeTestTask.java:143)
	at org.junit.platform.engine.support.hierarchical.ThrowableCollector.execute(ThrowableCollector.java:73)
	at org.junit.platform.engine.support.hierarchical.NodeTestTask.lambda$executeRecursively$7(NodeTestTask.java:129)
	at org.junit.platform.engine.support.hierarchical.Node.around(Node.java:137)
	at org.junit.platform.engine.support.hierarchical.NodeTestTask.lambda$executeRecursively$8(NodeTestTask.java:127)
	at org.junit.platform.engine.support.hierarchical.ThrowableCollector.execute(ThrowableCollector.java:73)
	at org.junit.platform.engine.support.hierarchical.NodeTestTask.executeRecursively(NodeTestTask.java:126)
	at org.junit.platform.engine.support.hierarchical.NodeTestTask.execute(NodeTestTask.java:84)
	at org.junit.platform.engine.support.hierarchical.SameThreadHierarchicalTestExecutorService.submit(SameThreadHierarchicalTestExecutorService.java:32)
	at org.junit.platform.engine.support.hierarchical.HierarchicalTestExecutor.execute(HierarchicalTestExecutor.java:57)
	at org.junit.platform.engine.support.hierarchical.HierarchicalTestEngine.execute(HierarchicalTestEngine.java:51)
	at org.junit.platform.launcher.core.EngineExecutionOrchestrator.execute(EngineExecutionOrchestrator.java:107)
	at org.junit.platform.launcher.core.EngineExecutionOrchestrator.execute(EngineExecutionOrchestrator.java:88)
	at org.junit.platform.launcher.core.EngineExecutionOrchestrator.lambda$execute$0(EngineExecutionOrchestrator.java:54)
	at org.junit.platform.launcher.core.EngineExecutionOrchestrator.withInterceptedStreams(EngineExecutionOrchestrator.java:67)
	at org.junit.platform.launcher.core.EngineExecutionOrchestrator.execute(EngineExecutionOrchestrator.java:52)
	at org.junit.platform.launcher.core.DefaultLauncher.execute(DefaultLauncher.java:114)
	at org.junit.platform.launcher.core.DefaultLauncher.execute(DefaultLauncher.java:86)
	at org.junit.platform.launcher.core.DefaultLauncherSession$DelegatingLauncher.execute(DefaultLauncherSession.java:86)
	at org.junit.platform.launcher.core.SessionPerRequestLauncher.execute(SessionPerRequestLauncher.java:53)
	at org.gradle.api.internal.tasks.testing.junitplatform.JUnitPlatformTestClassProcessor$CollectAllTestClassesExecutor.processAllTestClasses(JUnitPlatformTestClassProcessor.java:99)
	at org.gradle.api.internal.tasks.testing.junitplatform.JUnitPlatformTestClassProcessor$CollectAllTestClassesExecutor.access$000(JUnitPlatformTestClassProcessor.java:79)
	at org.gradle.api.internal.tasks.testing.junitplatform.JUnitPlatformTestClassProcessor.stop(JUnitPlatformTestClassProcessor.java:75)
	at org.gradle.api.internal.tasks.testing.SuiteTestClassProcessor.stop(SuiteTestClassProcessor.java:61)
	at sun.reflect.NativeMethodAccessorImpl.invoke0(Native Method)
	at sun.reflect.NativeMethodAccessorImpl.invoke(NativeMethodAccessorImpl.java:62)
	at sun.reflect.DelegatingMethodAccessorImpl.invoke(DelegatingMethodAccessorImpl.java:43)
	at java.lang.reflect.Method.invoke(Method.java:498)
	at org.gradle.internal.dispatch.ReflectionDispatch.dispatch(ReflectionDispatch.java:36)
	at org.gradle.internal.dispatch.ReflectionDispatch.dispatch(ReflectionDispatch.java:24)
	at org.gradle.internal.dispatch.ContextClassLoaderDispatch.dispatch(ContextClassLoaderDispatch.java:33)
	at org.gradle.internal.dispatch.ProxyDispatchAdapter$DispatchingInvocationHandler.invoke(ProxyDispatchAdapter.java:94)
	at com.sun.proxy.$Proxy2.stop(Unknown Source)
	at org.gradle.api.internal.tasks.testing.worker.TestWorker$3.run(TestWorker.java:193)
	at org.gradle.api.internal.tasks.testing.worker.TestWorker.executeAndMaintainThreadName(TestWorker.java:129)
	at org.gradle.api.internal.tasks.testing.worker.TestWorker.execute(TestWorker.java:100)
	at org.gradle.api.internal.tasks.testing.worker.TestWorker.execute(TestWorker.java:60)
	at org.gradle.process.internal.worker.child.ActionExecutionWorker.execute(ActionExecutionWorker.java:56)
	at org.gradle.process.internal.worker.child.SystemApplicationClassLoaderWorker.call(SystemApplicationClassLoaderWorker.java:133)
	at org.gradle.process.internal.worker.child.SystemApplicationClassLoaderWorker.call(SystemApplicationClassLoaderWorker.java:71)
	at worker.org.gradle.process.internal.worker.GradleWorkerMain.run(GradleWorkerMain.java:69)
	at worker.org.gradle.process.internal.worker.GradleWorkerMain.main(GradleWorkerMain.java:74)
Nov 15, 2022 7:23:46 PM org.restlet.engine.log.LogFilter afterHandle
INFO: 2022-11-15	19:23:46	127.0.0.1	-	-	8080	POST	/event	-	200	45	78	10	http://localhost:8080	Apache-HttpClient/4.5.4 (Java/1.8.0_333)	-
Nov 15, 2022 7:23:46 PM org.restlet.engine.log.LogFilter afterHandle
INFO: 2022-11-15	19:23:46	127.0.0.1	-	-	8080	GET	/event/0	-	200	43	0	2	http://localhost:8080	Apache-HttpClient/4.5.4 (Java/1.8.0_333)	-
Nov 15, 2022 7:23:46 PM org.restlet.engine.log.LogFilter afterHandle
INFO: 2022-11-15	19:23:46	127.0.0.1	-	-	8080	DELETE	/event/0	-	200	43	0	1	http://localhost:8080	Apache-HttpClient/4.5.4 (Java/1.8.0_333)	-
Nov 15, 2022 7:23:46 PM org.restlet.engine.log.LogFilter afterHandle
INFO: 2022-11-15	19:23:46	127.0.0.1	-	-	8080	POST	/event	-	200	26	99	2	http://localhost:8080	Apache-HttpClient/4.5.4 (Java/1.8.0_333)	-
Nov 15, 2022 7:23:46 PM org.restlet.engine.log.LogFilter afterHandle
INFO: 2022-11-15	19:23:46	127.0.0.1	-	-	8080	PUT	/event	-	200	26	120	2	http://localhost:8080	Apache-HttpClient/4.5.4 (Java/1.8.0_333)	-
Nov 15, 2022 7:23:46 PM org.restlet.engine.log.LogFilter afterHandle
INFO: 2022-11-15	19:23:46	127.0.0.1	-	-	8080	GET	/event	-	200	146	0	2	http://localhost:8080	Apache-HttpClient/4.5.4 (Java/1.8.0_333)	-
Nov 15, 2022 7:23:46 PM org.restlet.engine.log.LogFilter afterHandle
INFO: 2022-11-15	19:23:46	127.0.0.1	-	-	8080	DELETE	/event/1	-	200	26	0	0	http://localhost:8080	Apache-HttpClient/4.5.4 (Java/1.8.0_333)	-
Nov 15, 2022 7:23:46 PM org.restlet.engine.log.LogFilter afterHandle
INFO: 2022-11-15	19:23:46	127.0.0.1	-	-	8080	POST	/event	-	200	26	120	1	http://localhost:8080	Apache-HttpClient/4.5.4 (Java/1.8.0_333)	-
Nov 15, 2022 7:23:46 PM org.restlet.engine.log.LogFilter afterHandle
INFO: 2022-11-15	19:23:46	127.0.0.1	-	-	8080	GET	/event	-	200	142	0	0	http://localhost:8080	Apache-HttpClient/4.5.4 (Java/1.8.0_333)	-
Nov 15, 2022 7:23:46 PM org.restlet.engine.log.LogFilter afterHandle
INFO: 2022-11-15	19:23:46	127.0.0.1	-	-	8080	POST	/event	-	200	26	120	1	http://localhost:8080	Apache-HttpClient/4.5.4 (Java/1.8.0_333)	-
Nov 15, 2022 7:23:46 PM org.restlet.engine.log.LogFilter afterHandle
INFO: 2022-11-15	19:23:46	127.0.0.1	-	-	8080	DELETE	/event/3	-	200	26	0	1	http://localhost:8080	Apache-HttpClient/4.5.4 (Java/1.8.0_333)	-
Nov 15, 2022 7:23:46 PM org.restlet.engine.log.LogFilter afterHandle
INFO: 2022-11-15	19:23:46	127.0.0.1	-	-	8080	DELETE	/event/2	-	200	26	0	1	http://localhost:8080	Apache-HttpClient/4.5.4 (Java/1.8.0_333)	-
Nov 15, 2022 7:23:46 PM org.restlet.engine.log.LogFilter afterHandle
INFO: 2022-11-15	19:23:46	127.0.0.1	-	-	8080	POST	/event	-	200	26	120	1	http://localhost:8080	Apache-HttpClient/4.5.4 (Java/1.8.0_333)	-
Nov 15, 2022 7:23:46 PM org.restlet.engine.log.LogFilter afterHandle
INFO: 2022-11-15	19:23:46	127.0.0.1	-	-	8080	GET	/event	-	200	142	0	2	http://localhost:8080	Apache-HttpClient/4.5.4 (Java/1.8.0_333)	-
Nov 15, 2022 7:23:46 PM org.restlet.engine.log.LogFilter afterHandle
INFO: 2022-11-15	19:23:46	127.0.0.1	-	-	8080	DELETE	/event/4	-	200	26	0	1	http://localhost:8080	Apache-HttpClient/4.5.4 (Java/1.8.0_333)	-
Nov 15, 2022 7:23:46 PM org.restlet.engine.log.LogFilter afterHandle
INFO: 2022-11-15	19:23:46	127.0.0.1	-	-	8080	POST	/event	-	200	26	120	2	http://localhost:8080	Apache-HttpClient/4.5.4 (Java/1.8.0_333)	-
Nov 15, 2022 7:23:46 PM org.restlet.engine.log.LogFilter afterHandle
INFO: 2022-11-15	19:23:46	127.0.0.1	-	-	8080	DELETE	/event/5	-	200	26	0	1	http://localhost:8080	Apache-HttpClient/4.5.4 (Java/1.8.0_333)	-
Nov 15, 2022 7:23:46 PM org.restlet.engine.log.LogFilter afterHandle
INFO: 2022-11-15	19:23:46	127.0.0.1	-	-	8080	GET	/event	-	200	26	0	3	http://localhost:8080	Apache-HttpClient/4.5.4 (Java/1.8.0_333)	-
Nov 15, 2022 7:23:46 PM org.restlet.engine.log.LogFilter afterHandle
INFO: 2022-11-15	19:23:46	127.0.0.1	-	-	8080	POST	/event	-	200	26	120	1	http://localhost:8080	Apache-HttpClient/4.5.4 (Java/1.8.0_333)	-
Nov 15, 2022 7:23:46 PM org.restlet.engine.log.LogFilter afterHandle
INFO: 2022-11-15	19:23:46	127.0.0.1	-	-	8080	PUT	/event	-	200	45	90	1	http://localhost:8080	Apache-HttpClient/4.5.4 (Java/1.8.0_333)	-
Nov 15, 2022 7:23:46 PM org.restlet.engine.log.LogFilter afterHandle
INFO: 2022-11-15	19:23:46	127.0.0.1	-	-	8080	DELETE	/event/6	-	200	26	0	1	http://localhost:8080	Apache-HttpClient/4.5.4 (Java/1.8.0_333)	-
]]></system-err>
</testsuite>
