<?xml version="1.0" encoding="UTF-8"?>
<testsuite name="DateAPITest" tests="8" skipped="0" failures="0" errors="0" timestamp="2022-11-16T00:23:46" hostname="YUCEN" time="0.412">
  <properties/>
  <testcase name="testDay_fail()" classname="DateAPITest" time="0.295"/>
  <testcase name="testDay_success()" classname="DateAPITest" time="0.015"/>
  <testcase name="testDate_success()" classname="DateAPITest" time="0.014"/>
  <testcase name="testYear_fail()" classname="DateAPITest" time="0.013"/>
  <testcase name="testDate_fail()" classname="DateAPITest" time="0.011"/>
  <testcase name="testYear_success()" classname="DateAPITest" time="0.012"/>
  <testcase name="testMonth_success()" classname="DateAPITest" time="0.017"/>
  <testcase name="testMonth_fail()" classname="DateAPITest" time="0.012"/>
  <system-out><![CDATA[]]></system-out>
  <system-err><![CDATA[Nov 15, 2022 7:23:43 PM org.restlet.engine.connector.NetServerHelper start
INFO: Starting the internal [HTTP/1.1] server on port 8080
Nov 15, 2022 7:23:43 PM org.restlet.Application start
INFO: Starting MainApp application
Nov 15, 2022 7:23:46 PM org.restlet.engine.log.LogFilter afterHandle
INFO: 2022-11-15	19:23:46	127.0.0.1	-	-	8080	GET	/date/day/-1	-	200	42	0	78	http://localhost:8080	Apache-HttpClient/4.5.4 (Java/1.8.0_333)	-
Nov 15, 2022 7:23:46 PM org.restlet.engine.log.LogFilter afterHandle
INFO: 2022-11-15	19:23:46	127.0.0.1	-	-	8080	GET	/date/day/1	-	200	15	0	3	http://localhost:8080	Apache-HttpClient/4.5.4 (Java/1.8.0_333)	-
Nov 15, 2022 7:23:46 PM org.restlet.engine.log.LogFilter afterHandle
INFO: 2022-11-15	19:23:46	127.0.0.1	-	-	8080	GET	/date/date/1	-	200	32	0	2	http://localhost:8080	Apache-HttpClient/4.5.4 (Java/1.8.0_333)	-
Nov 15, 2022 7:23:46 PM org.restlet.engine.log.LogFilter afterHandle
INFO: 2022-11-15	19:23:46	127.0.0.1	-	-	8080	GET	/date/year/-1	-	200	42	0	3	http://localhost:8080	Apache-HttpClient/4.5.4 (Java/1.8.0_333)	-
Nov 15, 2022 7:23:46 PM org.restlet.engine.log.LogFilter afterHandle
INFO: 2022-11-15	19:23:46	127.0.0.1	-	-	8080	GET	/date/date/-1	-	200	42	0	1	http://localhost:8080	Apache-HttpClient/4.5.4 (Java/1.8.0_333)	-
Nov 15, 2022 7:23:46 PM org.restlet.engine.log.LogFilter afterHandle
INFO: 2022-11-15	19:23:46	127.0.0.1	-	-	8080	GET	/date/year/1	-	200	17	0	2	http://localhost:8080	Apache-HttpClient/4.5.4 (Java/1.8.0_333)	-
Nov 15, 2022 7:23:46 PM org.restlet.engine.log.LogFilter afterHandle
INFO: 2022-11-15	19:23:46	127.0.0.1	-	-	8080	GET	/date/month/1	-	200	15	0	4	http://localhost:8080	Apache-HttpClient/4.5.4 (Java/1.8.0_333)	-
Nov 15, 2022 7:23:46 PM org.restlet.engine.log.LogFilter afterHandle
INFO: 2022-11-15	19:23:46	127.0.0.1	-	-	8080	GET	/date/month/-1	-	200	42	0	3	http://localhost:8080	Apache-HttpClient/4.5.4 (Java/1.8.0_333)	-
]]></system-err>
</testsuite>
