<?xml version="1.0" encoding="UTF-8"?>
<testsuite name="DateAPITest" tests="8" skipped="0" failures="0" errors="0" timestamp="2022-11-17T04:12:12" hostname="YUCEN" time="0.224">
  <properties/>
  <testcase name="testDay_fail()" classname="DateAPITest" time="0.186"/>
  <testcase name="testDay_success()" classname="DateAPITest" time="0.005"/>
  <testcase name="testDate_success()" classname="DateAPITest" time="0.004"/>
  <testcase name="testYear_fail()" classname="DateAPITest" time="0.005"/>
  <testcase name="testDate_fail()" classname="DateAPITest" time="0.004"/>
  <testcase name="testYear_success()" classname="DateAPITest" time="0.005"/>
  <testcase name="testMonth_success()" classname="DateAPITest" time="0.004"/>
  <testcase name="testMonth_fail()" classname="DateAPITest" time="0.005"/>
  <system-out><![CDATA[]]></system-out>
  <system-err><![CDATA[Nov 16, 2022 11:12:11 PM org.restlet.engine.connector.NetServerHelper start
INFO: Starting the internal [HTTP/1.1] server on port 8080
Nov 16, 2022 11:12:11 PM org.restlet.Application start
INFO: Starting MainApp application
Nov 16, 2022 11:12:12 PM org.restlet.engine.log.LogFilter afterHandle
INFO: 2022-11-16	23:12:12	127.0.0.1	-	-	8080	GET	/date/day/-1	-	200	42	0	36	http://localhost:8080	Apache-HttpClient/4.5.4 (Java/1.8.0_333)	-
Nov 16, 2022 11:12:12 PM org.restlet.engine.log.LogFilter afterHandle
INFO: 2022-11-16	23:12:12	127.0.0.1	-	-	8080	GET	/date/day/1	-	200	15	0	1	http://localhost:8080	Apache-HttpClient/4.5.4 (Java/1.8.0_333)	-
Nov 16, 2022 11:12:12 PM org.restlet.engine.log.LogFilter afterHandle
INFO: 2022-11-16	23:12:12	127.0.0.1	-	-	8080	GET	/date/date/1	-	200	32	0	0	http://localhost:8080	Apache-HttpClient/4.5.4 (Java/1.8.0_333)	-
Nov 16, 2022 11:12:12 PM org.restlet.engine.log.LogFilter afterHandle
INFO: 2022-11-16	23:12:12	127.0.0.1	-	-	8080	GET	/date/year/-1	-	200	42	0	0	http://localhost:8080	Apache-HttpClient/4.5.4 (Java/1.8.0_333)	-
Nov 16, 2022 11:12:12 PM org.restlet.engine.log.LogFilter afterHandle
INFO: 2022-11-16	23:12:12	127.0.0.1	-	-	8080	GET	/date/date/-1	-	200	42	0	0	http://localhost:8080	Apache-HttpClient/4.5.4 (Java/1.8.0_333)	-
Nov 16, 2022 11:12:12 PM org.restlet.engine.log.LogFilter afterHandle
INFO: 2022-11-16	23:12:12	127.0.0.1	-	-	8080	GET	/date/year/1	-	200	17	0	1	http://localhost:8080	Apache-HttpClient/4.5.4 (Java/1.8.0_333)	-
Nov 16, 2022 11:12:12 PM org.restlet.engine.log.LogFilter afterHandle
INFO: 2022-11-16	23:12:12	127.0.0.1	-	-	8080	GET	/date/month/1	-	200	15	0	0	http://localhost:8080	Apache-HttpClient/4.5.4 (Java/1.8.0_333)	-
Nov 16, 2022 11:12:12 PM org.restlet.engine.log.LogFilter afterHandle
INFO: 2022-11-16	23:12:12	127.0.0.1	-	-	8080	GET	/date/month/-1	-	200	42	0	2	http://localhost:8080	Apache-HttpClient/4.5.4 (Java/1.8.0_333)	-
]]></system-err>
</testsuite>
